Route:index
Time:Thu Apr 10 2025 13:38:23 GMT+0200 (Eastern European Standard Time)
Route:index
Time:Thu Apr 10 2025 13:40:39 GMT+0200 (Eastern European Standard Time)
Route:index
Time:Thu Apr 10 2025 13:47:05 GMT+0200 (Eastern European Standard Time)
Route:index
Time:Thu Apr 10 2025 13:47:35 GMT+0200 (Eastern European Standard Time)
Route:index
Time:Thu Apr 10 2025 13:47:40 GMT+0200 (Eastern European Standard Time)
Route:home
Time:Thu Apr 10 2025 13:47:49 GMT+0200 (Eastern European Standard Time)
Route:home
Time:Thu Apr 10 2025 13:48:37 GMT+0200 (Eastern European Standard Time)
Route:users
Time:Thu Apr 10 2025 13:49:59 GMT+0200 (Eastern European Standard Time)
Route:users
Time:Thu Apr 10 2025 13:50:18 GMT+0200 (Eastern European Standard Time)
Route:users
Time:Thu Apr 10 2025 13:50:35 GMT+0200 (Eastern European Standard Time)
Route:users
Time:Thu Apr 10 2025 13:51:08 GMT+0200 (Eastern European Standard Time)
Route:users
Time:Thu Apr 10 2025 13:51:42 GMT+0200 (Eastern European Standard Time)
Route:homw
Time:Thu Apr 10 2025 13:52:08 GMT+0200 (Eastern European Standard Time)
Route:home
Time:Thu Apr 10 2025 13:52:12 GMT+0200 (Eastern European Standard Time)
Route:index
Time:Thu Apr 10 2025 13:52:19 GMT+0200 (Eastern European Standard Time)
Route:index
Time:Thu Apr 10 2025 13:53:08 GMT+0200 (Eastern European Standard Time)
Route:users
Time:Thu Apr 10 2025 13:53:12 GMT+0200 (Eastern European Standard Time)
Route:users
Time:Thu Apr 10 2025 13:53:51 GMT+0200 (Eastern European Standard Time)
Route:users
Time:Thu Apr 10 2025 13:53:52 GMT+0200 (Eastern European Standard Time)
Route:users
Time:Thu Apr 10 2025 13:53:53 GMT+0200 (Eastern European Standard Time)
Route:users
Time:Thu Apr 10 2025 13:54:22 GMT+0200 (Eastern European Standard Time)
Route:index
Time:Thu Apr 10 2025 13:54:25 GMT+0200 (Eastern European Standard Time)
Route:index
Time:Thu Apr 10 2025 13:55:03 GMT+0200 (Eastern European Standard Time)
Route:index
Time:Thu Apr 10 2025 13:55:41 GMT+0200 (Eastern European Standard Time)
Route:users
Time:Thu Apr 10 2025 13:55:46 GMT+0200 (Eastern European Standard Time)
Route:home
Time:Thu Apr 10 2025 13:55:50 GMT+0200 (Eastern European Standard Time)
Route:home
Time:Thu Apr 10 2025 13:59:31 GMT+0200 (Eastern European Standard Time)
Route:welcom
Time:Thu Apr 10 2025 13:59:41 GMT+0200 (Eastern European Standard Time)
Route:register
Time:Thu Apr 10 2025 14:06:41 GMT+0200 (Eastern European Standard Time)
[{"Email":"ahmed@gmail.com","HashedPassword":"$2b$05$7AsgxjTo2Uh4jDOKDfe/c.HMAnK7hYaa2q4JhaJa6dg4dObYmQPHO"}]Route:register
Time:Thu Apr 10 2025 14:08:21 GMT+0200 (Eastern European Standard Time)
Route:login
Time:Thu Apr 10 2025 14:12:57 GMT+0200 (Eastern European Standard Time)
Route:login
Time:Thu Apr 10 2025 14:14:34 GMT+0200 (Eastern European Standard Time)
Route:login
Time:Thu Apr 10 2025 14:15:06 GMT+0200 (Eastern European Standard Time)
Route:login
Time:Thu Apr 10 2025 14:15:36 GMT+0200 (Eastern European Standard Time)
Route:login
Time:Thu Apr 10 2025 14:17:01 GMT+0200 (Eastern European Standard Time)
Route:login
Time:Thu Apr 10 2025 14:17:18 GMT+0200 (Eastern European Standard Time)
Route:login
Time:Thu Apr 10 2025 14:18:06 GMT+0200 (Eastern European Standard Time)
Route:login
Time:Thu Apr 10 2025 14:18:45 GMT+0200 (Eastern European Standard Time)
Route:login
Time:Thu Apr 10 2025 14:20:00 GMT+0200 (Eastern European Standard Time)
Route:login
Time:Thu Apr 10 2025 14:21:07 GMT+0200 (Eastern European Standard Time)
Route:login
Time:Thu Apr 10 2025 14:22:18 GMT+0200 (Eastern European Standard Time)
Route:login
Time:Thu Apr 10 2025 14:39:41 GMT+0200 (Eastern European Standard Time)
Route:login
Time:Thu Apr 10 2025 14:40:38 GMT+0200 (Eastern European Standard Time)
Route:login
Time:Thu Apr 10 2025 14:40:41 GMT+0200 (Eastern European Standard Time)
Route:login
Time:Thu Apr 10 2025 14:41:23 GMT+0200 (Eastern European Standard Time)
Route:login
Time:Thu Apr 10 2025 14:41:24 GMT+0200 (Eastern European Standard Time)
Route:login
Time:Thu Apr 10 2025 14:41:26 GMT+0200 (Eastern European Standard Time)
Route:login
Time:Thu Apr 10 2025 14:44:40 GMT+0200 (Eastern European Standard Time)
Route:login
Time:Thu Apr 10 2025 14:45:16 GMT+0200 (Eastern European Standard Time)
Route:login
Time:Thu Apr 10 2025 14:46:09 GMT+0200 (Eastern European Standard Time)
Route:login
Time:Thu Apr 10 2025 14:46:09 GMT+0200 (Eastern European Standard Time)
Route:login
Time:Thu Apr 10 2025 14:46:55 GMT+0200 (Eastern European Standard Time)
Route:login
Time:Thu Apr 10 2025 14:46:57 GMT+0200 (Eastern European Standard Time)
Route:home
Time:Thu Apr 10 2025 14:47:18 GMT+0200 (Eastern European Standard Time)
Route:login
Time:Thu Apr 10 2025 14:47:22 GMT+0200 (Eastern European Standard Time)
Route:login
Time:Thu Apr 10 2025 14:48:03 GMT+0200 (Eastern European Standard Time)
Route:login
Time:Thu Apr 10 2025 14:48:54 GMT+0200 (Eastern European Standard Time)
Route:login
Time:Thu Apr 10 2025 14:49:40 GMT+0200 (Eastern European Standard Time)
Route:login
Time:Thu Apr 10 2025 14:50:23 GMT+0200 (Eastern European Standard Time)
Route:login
Time:Thu Apr 10 2025 14:50:53 GMT+0200 (Eastern European Standard Time)
Route:login
Time:Thu Apr 10 2025 14:51:14 GMT+0200 (Eastern European Standard Time)
Route:login
Time:Thu Apr 10 2025 14:51:28 GMT+0200 (Eastern European Standard Time)
Route:login
Time:Thu Apr 10 2025 14:51:37 GMT+0200 (Eastern European Standard Time)
Route:login
Time:Thu Apr 10 2025 14:52:46 GMT+0200 (Eastern European Standard Time)
Route:login
Time:Thu Apr 10 2025 14:53:01 GMT+0200 (Eastern European Standard Time)
Route:product
Time:Thu Apr 10 2025 15:06:04 GMT+0200 (Eastern European Standard Time)
Route:product
Time:Thu Apr 10 2025 15:06:58 GMT+0200 (Eastern European Standard Time)
Route:product
Time:Thu Apr 10 2025 15:07:22 GMT+0200 (Eastern European Standard Time)
Route:product
Time:Thu Apr 10 2025 15:07:31 GMT+0200 (Eastern European Standard Time)
Route:product
Time:Thu Apr 10 2025 15:08:54 GMT+0200 (Eastern European Standard Time)
Route:product
Time:Thu Apr 10 2025 15:09:02 GMT+0200 (Eastern European Standard Time)
Route:product
Time:Thu Apr 10 2025 15:09:11 GMT+0200 (Eastern European Standard Time)
Route:product
Time:Thu Apr 10 2025 15:11:29 GMT+0200 (Eastern European Standard Time)
Route:product
Time:Thu Apr 10 2025 15:11:33 GMT+0200 (Eastern European Standard Time)
Route:product
Time:Thu Apr 10 2025 15:11:47 GMT+0200 (Eastern European Standard Time)
Route:product
Time:Thu Apr 10 2025 15:12:03 GMT+0200 (Eastern European Standard Time)
Route:product
Time:Thu Apr 10 2025 15:12:51 GMT+0200 (Eastern European Standard Time)
Route:product
Time:Thu Apr 10 2025 15:13:01 GMT+0200 (Eastern European Standard Time)
Route:product
Time:Thu Apr 10 2025 15:13:51 GMT+0200 (Eastern European Standard Time)
Route:product
Time:Thu Apr 10 2025 15:13:55 GMT+0200 (Eastern European Standard Time)
Route:product
Time:Thu Apr 10 2025 15:22:27 GMT+0200 (Eastern European Standard Time)
Route:product
Time:Thu Apr 10 2025 15:22:32 GMT+0200 (Eastern European Standard Time)
Route:product
Time:Thu Apr 10 2025 15:25:16 GMT+0200 (Eastern European Standard Time)
Route:product
Time:Thu Apr 10 2025 15:25:24 GMT+0200 (Eastern European Standard Time)
Route:product
Time:Thu Apr 10 2025 15:27:56 GMT+0200 (Eastern European Standard Time)
Route:product
Time:Thu Apr 10 2025 15:28:09 GMT+0200 (Eastern European Standard Time)
Route:product
Time:Thu Apr 10 2025 15:28:45 GMT+0200 (Eastern European Standard Time)
Route:product
Time:Thu Apr 10 2025 15:52:13 GMT+0200 (Eastern European Standard Time)
Route:product
Time:Thu Apr 10 2025 16:01:44 GMT+0200 (Eastern European Standard Time)
Route:product
Time:Thu Apr 10 2025 16:02:41 GMT+0200 (Eastern European Standard Time)
Route:product
Time:Thu Apr 10 2025 16:03:52 GMT+0200 (Eastern European Standard Time)
Route:product
Time:Thu Apr 10 2025 16:05:19 GMT+0200 (Eastern European Standard Time)
Route:product
Time:Thu Apr 10 2025 16:05:37 GMT+0200 (Eastern European Standard Time)
Route:product
Time:Thu Apr 10 2025 16:08:03 GMT+0200 (Eastern European Standard Time)
Route:product
Time:Thu Apr 10 2025 16:09:05 GMT+0200 (Eastern European Standard Time)
Route:product
Time:Thu Apr 10 2025 16:09:25 GMT+0200 (Eastern European Standard Time)
Route:product
Time:Thu Apr 10 2025 16:10:11 GMT+0200 (Eastern European Standard Time)
Route:product
Time:Thu Apr 10 2025 16:12:55 GMT+0200 (Eastern European Standard Time)
Route:product
Time:Thu Apr 10 2025 16:13:01 GMT+0200 (Eastern European Standard Time)
Route:product
Time:Thu Apr 10 2025 16:13:02 GMT+0200 (Eastern European Standard Time)
Route:product
Time:Thu Apr 10 2025 16:13:03 GMT+0200 (Eastern European Standard Time)
Route:product
Time:Thu Apr 10 2025 16:13:27 GMT+0200 (Eastern European Standard Time)
Route:product
Time:Thu Apr 10 2025 16:13:37 GMT+0200 (Eastern European Standard Time)
Route:product
Time:Thu Apr 10 2025 16:13:45 GMT+0200 (Eastern European Standard Time)
Route:product
Time:Thu Apr 10 2025 16:18:00 GMT+0200 (Eastern European Standard Time)
Route:product
Time:Thu Apr 10 2025 16:19:02 GMT+0200 (Eastern European Standard Time)
Route:product
Time:Thu Apr 10 2025 16:19:37 GMT+0200 (Eastern European Standard Time)
Route:product
Time:Thu Apr 10 2025 16:20:09 GMT+0200 (Eastern European Standard Time)
Route:product
Time:Thu Apr 10 2025 16:21:17 GMT+0200 (Eastern European Standard Time)
Route:product
Time:Thu Apr 10 2025 16:22:09 GMT+0200 (Eastern European Standard Time)
Route:product
Time:Thu Apr 10 2025 16:22:58 GMT+0200 (Eastern European Standard Time)
Route:product
Time:Thu Apr 10 2025 16:24:01 GMT+0200 (Eastern European Standard Time)
Route:product
Time:Thu Apr 10 2025 16:25:06 GMT+0200 (Eastern European Standard Time)
Route:product
Time:Thu Apr 10 2025 16:27:33 GMT+0200 (Eastern European Standard Time)
Route:product
Time:Thu Apr 10 2025 16:27:44 GMT+0200 (Eastern European Standard Time)
Route:product
Time:Thu Apr 10 2025 16:27:51 GMT+0200 (Eastern European Standard Time)
Route:product
Time:Thu Apr 10 2025 16:31:11 GMT+0200 (Eastern European Standard Time)
Route:product
Time:Thu Apr 10 2025 16:31:26 GMT+0200 (Eastern European Standard Time)
Route:product
Time:Thu Apr 10 2025 16:31:53 GMT+0200 (Eastern European Standard Time)
Route:product
Time:Thu Apr 10 2025 16:32:14 GMT+0200 (Eastern European Standard Time)
Route:product
Time:Thu Apr 10 2025 16:32:28 GMT+0200 (Eastern European Standard Time)
Route:product
Time:Thu Apr 10 2025 16:34:16 GMT+0200 (Eastern European Standard Time)
Route:product
Time:Thu Apr 10 2025 16:34:23 GMT+0200 (Eastern European Standard Time)
Route:product
Time:Thu Apr 10 2025 16:35:42 GMT+0200 (Eastern European Standard Time)
Route:product
Time:Thu Apr 10 2025 16:35:46 GMT+0200 (Eastern European Standard Time)
Route:product
Time:Thu Apr 10 2025 16:35:49 GMT+0200 (Eastern European Standard Time)
Route:product
Time:Thu Apr 10 2025 16:35:54 GMT+0200 (Eastern European Standard Time)
Route:product
Time:Thu Apr 10 2025 16:36:41 GMT+0200 (Eastern European Standard Time)
Route:productSearch
Time:Thu Apr 10 2025 16:40:28 GMT+0200 (Eastern European Standard Time)
Route:productSearch
Time:Thu Apr 10 2025 16:40:46 GMT+0200 (Eastern European Standard Time)
Route:productSearch
Time:Thu Apr 10 2025 16:40:50 GMT+0200 (Eastern European Standard Time)
Route:productSearch
Time:Thu Apr 10 2025 16:40:57 GMT+0200 (Eastern European Standard Time)
Route:productSearch
Time:Thu Apr 10 2025 16:41:02 GMT+0200 (Eastern European Standard Time)
Route:productSearch
Time:Thu Apr 10 2025 16:41:08 GMT+0200 (Eastern European Standard Time)
Route:productSearch
Time:Thu Apr 10 2025 16:41:12 GMT+0200 (Eastern European Standard Time)
Route:productSearch
Time:Thu Apr 10 2025 16:41:19 GMT+0200 (Eastern European Standard Time)
Route:productSearch
Time:Thu Apr 10 2025 16:41:20 GMT+0200 (Eastern European Standard Time)
Route:productSearch
Time:Thu Apr 10 2025 16:41:21 GMT+0200 (Eastern European Standard Time)
Route:productSearch
Time:Thu Apr 10 2025 16:41:22 GMT+0200 (Eastern European Standard Time)
Route:productSearch
Time:Thu Apr 10 2025 16:41:22 GMT+0200 (Eastern European Standard Time)
Route:productSearch
Time:Thu Apr 10 2025 16:42:03 GMT+0200 (Eastern European Standard Time)
Route:productSearch
Time:Thu Apr 10 2025 16:43:51 GMT+0200 (Eastern European Standard Time)
Route:productSearch
Time:Thu Apr 10 2025 16:44:46 GMT+0200 (Eastern European Standard Time)
Route:productSearch
Time:Thu Apr 10 2025 16:45:50 GMT+0200 (Eastern European Standard Time)
Route:productSearch
Time:Thu Apr 10 2025 16:46:41 GMT+0200 (Eastern European Standard Time)
Route:productSearch
Time:Thu Apr 10 2025 16:56:55 GMT+0200 (Eastern European Standard Time)
Route:productSearch
Time:Thu Apr 10 2025 16:57:15 GMT+0200 (Eastern European Standard Time)
Route:productSearch
Time:Thu Apr 10 2025 16:57:51 GMT+0200 (Eastern European Standard Time)
Route:productSearch
Time:Thu Apr 10 2025 16:59:22 GMT+0200 (Eastern European Standard Time)
Route:productSearch
Time:Thu Apr 10 2025 16:59:36 GMT+0200 (Eastern European Standard Time)
Route:productSearch
Time:Thu Apr 10 2025 16:59:42 GMT+0200 (Eastern European Standard Time)
Route:productSearch
Time:Thu Apr 10 2025 16:59:46 GMT+0200 (Eastern European Standard Time)
Route:productSearch
Time:Thu Apr 10 2025 16:59:53 GMT+0200 (Eastern European Standard Time)
Route:product
Time:Thu Apr 10 2025 17:04:31 GMT+0200 (Eastern European Standard Time)
Route:product
Time:Thu Apr 10 2025 17:04:36 GMT+0200 (Eastern European Standard Time)
Route:product
Time:Thu Apr 10 2025 17:04:41 GMT+0200 (Eastern European Standard Time)
Route:product
Time:Thu Apr 10 2025 17:04:55 GMT+0200 (Eastern European Standard Time)
Route:product
Time:Thu Apr 10 2025 17:04:59 GMT+0200 (Eastern European Standard Time)
Route:deleteProduct
Time:Thu Apr 10 2025 17:20:09 GMT+0200 (Eastern European Standard Time)
Route:deleteProduct
Time:Thu Apr 10 2025 17:20:18 GMT+0200 (Eastern European Standard Time)
Route:product
Time:Thu Apr 10 2025 17:21:09 GMT+0200 (Eastern European Standard Time)
Route:deleteProduct
Time:Thu Apr 10 2025 17:21:29 GMT+0200 (Eastern European Standard Time)
Route:deleteProduct
Time:Thu Apr 10 2025 17:21:49 GMT+0200 (Eastern European Standard Time)
Route:deleteProduct
Time:Thu Apr 10 2025 17:21:53 GMT+0200 (Eastern European Standard Time)
Route:product
Time:Thu Apr 10 2025 17:22:07 GMT+0200 (Eastern European Standard Time)
Route:product
Time:Thu Apr 10 2025 17:22:13 GMT+0200 (Eastern European Standard Time)
Route:product
Time:Thu Apr 10 2025 17:22:19 GMT+0200 (Eastern European Standard Time)
Route:deleteProduct
Time:Thu Apr 10 2025 17:22:40 GMT+0200 (Eastern European Standard Time)
Route:productSearch
Time:Thu Apr 10 2025 17:24:34 GMT+0200 (Eastern European Standard Time)
Route:product
Time:Thu Apr 10 2025 17:24:43 GMT+0200 (Eastern European Standard Time)
Route:product
Time:Thu Apr 10 2025 17:24:48 GMT+0200 (Eastern European Standard Time)
Route:product
Time:Thu Apr 10 2025 17:24:51 GMT+0200 (Eastern European Standard Time)
Route:deleteProduct
Time:Thu Apr 10 2025 17:24:59 GMT+0200 (Eastern European Standard Time)
Route:deleteProduct
Time:Thu Apr 10 2025 17:25:10 GMT+0200 (Eastern European Standard Time)
Route:product
Time:Thu Apr 10 2025 17:26:26 GMT+0200 (Eastern European Standard Time)
Route:product
Time:Thu Apr 10 2025 17:26:29 GMT+0200 (Eastern European Standard Time)
Route:product
Time:Thu Apr 10 2025 17:26:38 GMT+0200 (Eastern European Standard Time)
Route:product
Time:Thu Apr 10 2025 17:26:44 GMT+0200 (Eastern European Standard Time)
Route:deleteProduct
Time:Thu Apr 10 2025 17:26:54 GMT+0200 (Eastern European Standard Time)
Route:deleteProduct
Time:Thu Apr 10 2025 17:27:11 GMT+0200 (Eastern European Standard Time)
Route:UpdateProduct
Time:Thu Apr 10 2025 17:47:33 GMT+0200 (Eastern European Standard Time)
Route:product
Time:Thu Apr 10 2025 17:47:50 GMT+0200 (Eastern European Standard Time)
Route:product
Time:Thu Apr 10 2025 17:47:55 GMT+0200 (Eastern European Standard Time)
Route:product
Time:Thu Apr 10 2025 17:47:58 GMT+0200 (Eastern European Standard Time)
Route:updateProduct
Time:Thu Apr 10 2025 17:48:25 GMT+0200 (Eastern European Standard Time)
